<?xml version="1.0" encoding="UTF-8"?>
<testng-results skipped="0" failed="0" ignored="0" total="1" passed="1">
  <reporter-output>
  </reporter-output>
  <suite name="Default suite" duration-ms="183179" started-at="2022-11-11T00:09:47 IST" finished-at="2022-11-11T00:12:51 IST">
    <groups>
    </groups>
    <test name="Default test" duration-ms="183179" started-at="2022-11-11T00:09:47 IST" finished-at="2022-11-11T00:12:51 IST">
      <class name="TestCases.TC1">
        <test-method status="PASS" signature="begin()[pri:0, instance:TestCases.TC1@612fc6eb]" name="begin" is-config="true" duration-ms="18088" started-at="2022-11-11T00:09:47 IST" finished-at="2022-11-11T00:10:06 IST">
          <reporter-output>
          </reporter-output>
        </test-method> <!-- begin -->
        <test-method status="PASS" signature="check()[pri:0, instance:TestCases.TC1@612fc6eb]" name="check" duration-ms="164426" started-at="2022-11-11T00:10:06 IST" finished-at="2022-11-11T00:12:50 IST">
          <reporter-output>
          </reporter-output>
        </test-method> <!-- check -->
        <test-method status="PASS" signature="generateReport(org.testng.ITestResult)[pri:0, instance:TestCases.TC1@612fc6eb]" name="generateReport" is-config="true" duration-ms="3" started-at="2022-11-11T00:12:50 IST" finished-at="2022-11-11T00:12:50 IST">
          <params>
            <param index="0">
              <value>
                <![CDATA[[TestResult name=check status=SUCCESS method=TC1.check()[pri:0, instance:TestCases.TC1@612fc6eb] output={null}]]]>
              </value>
            </param>
          </params>
          <reporter-output>
          </reporter-output>
        </test-method> <!-- generateReport -->
        <test-method status="PASS" signature="end()[pri:0, instance:TestCases.TC1@612fc6eb]" name="end" is-config="true" duration-ms="591" started-at="2022-11-11T00:12:50 IST" finished-at="2022-11-11T00:12:51 IST">
          <reporter-output>
          </reporter-output>
        </test-method> <!-- end -->
      </class> <!-- TestCases.TC1 -->
    </test> <!-- Default test -->
  </suite> <!-- Default suite -->
</testng-results>
